<?xml version="1.0" encoding="UTF-8"?>
<testng-results skipped="0" failed="0" ignored="0" total="7" passed="7">
  <reporter-output>
  </reporter-output>
  <suite name="Default suite" duration-ms="24515" started-at="2020-03-02T15:58:06Z" finished-at="2020-03-02T15:58:31Z">
    <groups>
    </groups>
    <test name="Default test" duration-ms="24515" started-at="2020-03-02T15:58:06Z" finished-at="2020-03-02T15:58:31Z">
      <class name="assignment.ZainAssignment">
        <test-method status="PASS" signature="setup()[pri:0, instance:assignment.ZainAssignment@4c70fda8]" name="setup" is-config="true" duration-ms="17569" started-at="2020-03-02T15:58:06Z" finished-at="2020-03-02T15:58:24Z">
          <reporter-output>
          </reporter-output>
        </test-method> <!-- setup -->
        <test-method status="PASS" signature="usernamepassword()[pri:1, instance:assignment.ZainAssignment@4c70fda8]" name="usernamepassword" duration-ms="656" started-at="2020-03-02T15:58:24Z" finished-at="2020-03-02T15:58:25Z">
          <reporter-output>
          </reporter-output>
        </test-method> <!-- usernamepassword -->
        <test-method status="PASS" signature="ListItem()[pri:2, instance:assignment.ZainAssignment@4c70fda8]" name="ListItem" duration-ms="188" started-at="2020-03-02T15:58:25Z" finished-at="2020-03-02T15:58:25Z">
          <reporter-output>
          </reporter-output>
        </test-method> <!-- ListItem -->
        <test-method status="PASS" signature="DropDown()[pri:3, instance:assignment.ZainAssignment@4c70fda8]" name="DropDown" duration-ms="348" started-at="2020-03-02T15:58:25Z" finished-at="2020-03-02T15:58:25Z">
          <reporter-output>
          </reporter-output>
        </test-method> <!-- DropDown -->
        <test-method status="PASS" signature="ButtonTest1()[pri:4, instance:assignment.ZainAssignment@4c70fda8]" name="ButtonTest1" duration-ms="129" started-at="2020-03-02T15:58:25Z" finished-at="2020-03-02T15:58:25Z">
          <reporter-output>
          </reporter-output>
        </test-method> <!-- ButtonTest1 -->
        <test-method status="PASS" signature="ButtonTest2()[pri:5, instance:assignment.ZainAssignment@4c70fda8]" name="ButtonTest2" duration-ms="4620" started-at="2020-03-02T15:58:25Z" finished-at="2020-03-02T15:58:30Z">
          <reporter-output>
          </reporter-output>
        </test-method> <!-- ButtonTest2 -->
        <test-method status="PASS" signature="TableTest1()[pri:6, instance:assignment.ZainAssignment@4c70fda8]" name="TableTest1" duration-ms="97" started-at="2020-03-02T15:58:30Z" finished-at="2020-03-02T15:58:30Z">
          <reporter-output>
          </reporter-output>
        </test-method> <!-- TableTest1 -->
        <test-method status="PASS" signature="TableTest2()[pri:7, instance:assignment.ZainAssignment@4c70fda8]" name="TableTest2" duration-ms="835" started-at="2020-03-02T15:58:30Z" finished-at="2020-03-02T15:58:31Z">
          <reporter-output>
          </reporter-output>
        </test-method> <!-- TableTest2 -->
      </class> <!-- assignment.ZainAssignment -->
    </test> <!-- Default test -->
  </suite> <!-- Default suite -->
</testng-results>
