<?xml version="1.0" encoding="UTF-8"?>
<testng-results skipped="0" failed="0" ignored="0" total="1" passed="1">
  <reporter-output>
  </reporter-output>
  <suite name="Suite" duration-ms="18798" started-at="2020-02-06T17:27:24Z" finished-at="2020-02-06T17:27:43Z">
    <groups>
    </groups>
    <test name="Test" duration-ms="18798" started-at="2020-02-06T17:27:24Z" finished-at="2020-02-06T17:27:43Z">
      <class name="parallel.ParametersTest">
        <test-method status="PASS" signature="name(java.lang.String)[pri:0, instance:parallel.ParametersTest@14ec4505]" name="name" duration-ms="18753" started-at="2020-02-06T17:27:24Z" finished-at="2020-02-06T17:27:43Z">
          <params>
            <param index="0">
              <value>
                <![CDATA[http://www.gmail.com]]>
              </value>
            </param>
          </params>
          <reporter-output>
          </reporter-output>
        </test-method> <!-- name -->
      </class> <!-- parallel.ParametersTest -->
    </test> <!-- Test -->
  </suite> <!-- Suite -->
</testng-results>
